INFO: [VRFC 10-2263] Analyzing Verilog file "E:/Hardware_course/MIPS_MultiCycleCPU/MIPS_MultiCycleCPU.srcs/sources_1/ip/dist_mem_gen_0/sim/dist_mem_gen_0.v" into library xil_defaultlib
INFO: [VRFC 10-311] analyzing module dist_mem_gen_0
INFO: [VRFC 10-2263] Analyzing Verilog file "E:/Hardware_course/MIPS_MultiCycleCPU/MIPS_MultiCycleCPU.srcs/sources_1/new/ALU.v" into library xil_defaultlib
INFO: [VRFC 10-311] analyzing module alu
INFO: [VRFC 10-2263] Analyzing Verilog file "E:/Hardware_course/MIPS_MultiCycleCPU/MIPS_MultiCycleCPU.srcs/sources_1/new/CPU.v" into library xil_defaultlib
INFO: [VRFC 10-311] analyzing module mccpu
INFO: [VRFC 10-2263] Analyzing Verilog file "E:/Hardware_course/MIPS_MultiCycleCPU/MIPS_MultiCycleCPU.srcs/sources_1/new/Control.v" into library xil_defaultlib
INFO: [VRFC 10-311] analyzing module mccu
INFO: [VRFC 10-2458] undeclared symbol i_bgezal, assumed default net type wire [E:/Hardware_course/MIPS_MultiCycleCPU/MIPS_MultiCycleCPU.srcs/sources_1/new/Control.v:62]
INFO: [VRFC 10-2263] Analyzing Verilog file "E:/Hardware_course/MIPS_MultiCycleCPU/MIPS_MultiCycleCPU.srcs/sources_1/new/MEM.v" into library xil_defaultlib
INFO: [VRFC 10-311] analyzing module mcmem
INFO: [VRFC 10-2263] Analyzing Verilog file "E:/Hardware_course/MIPS_MultiCycleCPU/MIPS_MultiCycleCPU.srcs/sources_1/new/MIPS.v" into library xil_defaultlib
INFO: [VRFC 10-311] analyzing module mccomp
INFO: [VRFC 10-2263] Analyzing Verilog file "E:/Hardware_course/MIPS_MultiCycleCPU/MIPS_MultiCycleCPU.srcs/sources_1/new/MUX.v" into library xil_defaultlib
INFO: [VRFC 10-311] analyzing module mux2x5
INFO: [VRFC 10-311] analyzing module mux2x32
INFO: [VRFC 10-311] analyzing module mux4x32
INFO: [VRFC 10-2263] Analyzing Verilog file "E:/Hardware_course/MIPS_MultiCycleCPU/MIPS_MultiCycleCPU.srcs/sources_1/new/RegFile.v" into library xil_defaultlib
INFO: [VRFC 10-311] analyzing module regfile
INFO: [VRFC 10-2263] Analyzing Verilog file "E:/Hardware_course/MIPS_MultiCycleCPU/MIPS_MultiCycleCPU.srcs/sources_1/new/dff.v" into library xil_defaultlib
INFO: [VRFC 10-311] analyzing module dff32
INFO: [VRFC 10-311] analyzing module dffe32
INFO: [VRFC 10-2263] Analyzing Verilog file "E:/Hardware_course/MIPS_MultiCycleCPU/MIPS_MultiCycleCPU.srcs/sim_1/new/tb.v" into library xil_defaultlib
INFO: [VRFC 10-311] analyzing module tb
